<?xml version="1.0" encoding="UTF-8"?>
<!-- Generated by org.testng.reporters.JUnitReportReporter -->
<testsuite hostname="LAPTOP-5BQ8UDAV" failures="0" tests="1" name="com.webtest.demo.Demo" time="0.000" errors="0" timestamp="2020-11-24T16:53:00 CST" skipped="1">
  <testcase classname="com.webtest.demo.Demo" name="test1" time="0.000">
    <skipped/>
  </testcase> <!-- test1 -->
  <system-out/>
</testsuite> <!-- com.webtest.demo.Demo -->
