<?xml version="1.0" encoding="UTF-8"?>
<!-- Generated by org.testng.reporters.JUnitReportReporter -->
<testsuite skipped="0" hostname="LAPTOP-UUTKFR9P" name="com.webtest.dmo.Demo" tests="2" failures="0" timestamp="2020-11-11T08:41:09 CST" time="16.039" errors="0">
  <testcase name="testLogin" time="16.038" classname="com.webtest.dmo.Demo"/>
  <system-out/>
  <testcase name="demo" time="0.001" classname="com.webtest.dmo.Demo"/>
  <system-out/>
</testsuite> <!-- com.webtest.dmo.Demo -->
