<?xml version="1.0" encoding="UTF-8"?>
<!-- Generated by org.testng.reporters.JUnitReportReporter -->
<testsuite hostname="LAPTOP-5BQ8UDAV" failures="0" tests="2" name="com.webtest.demo.Admin_SystemManagement_AreaSet" time="79.996" errors="0" timestamp="2020-11-27T20:58:11 CST" skipped="0">
  <testcase classname="com.webtest.demo.Admin_SystemManagement_AreaSet" name="demo4" time="36.800"/>
  <system-out/>
  <testcase classname="com.webtest.demo.Admin_SystemManagement_AreaSet" name="demo6" time="43.196"/>
  <system-out/>
</testsuite> <!-- com.webtest.demo.Admin_SystemManagement_AreaSet -->
