<?xml version="1.0" encoding="UTF-8"?>
<!-- Generated by org.testng.reporters.JUnitReportReporter -->
<testsuite hostname="LAPTOP-5BQ8UDAV" failures="0" tests="1" name="com.webtest.demo.DeleteDemo" time="20.986" errors="0" timestamp="2020-11-24T16:50:25 CST" skipped="0">
  <testcase classname="com.webtest.demo.DeleteDemo" name="test_detelecustom" time="20.986"/>
  <system-out/>
</testsuite> <!-- com.webtest.demo.DeleteDemo -->
