<?xml version="1.0" encoding="UTF-8"?>
<!-- Generated by org.testng.reporters.JUnitReportReporter -->
<testsuite hostname="LAPTOP-5BQ8UDAV" failures="0" tests="4" name="com.webtest.demo.Admin_SystemManagement_MoneySet" time="162.876" errors="0" timestamp="2020-11-27T20:58:11 CST" skipped="0">
  <testcase classname="com.webtest.demo.Admin_SystemManagement_MoneySet" name="demo2" time="36.883"/>
  <system-out/>
  <testcase classname="com.webtest.demo.Admin_SystemManagement_MoneySet" name="demo3" time="37.034"/>
  <system-out/>
  <testcase classname="com.webtest.demo.Admin_SystemManagement_MoneySet" name="demo1" time="50.102"/>
  <system-out/>
  <testcase classname="com.webtest.demo.Admin_SystemManagement_MoneySet" name="demo4" time="38.857"/>
  <system-out/>
</testsuite> <!-- com.webtest.demo.Admin_SystemManagement_MoneySet -->
