<?xml version="1.0" encoding="UTF-8"?>
<!-- Generated by org.testng.reporters.JUnitReportReporter -->
<testsuite hostname="LAPTOP-5BQ8UDAV" failures="0" tests="3" name="com.webtest.demo.Admin_SystemManagement_DeliverySet" time="124.767" errors="0" timestamp="2020-11-27T20:58:11 CST" skipped="0">
  <testcase classname="com.webtest.demo.Admin_SystemManagement_DeliverySet" name="demo3" time="27.316"/>
  <system-out/>
  <testcase classname="com.webtest.demo.Admin_SystemManagement_DeliverySet" name="demo1" time="63.449"/>
  <system-out/>
  <testcase classname="com.webtest.demo.Admin_SystemManagement_DeliverySet" name="demo2" time="34.002"/>
  <system-out/>
</testsuite> <!-- com.webtest.demo.Admin_SystemManagement_DeliverySet -->
